<?xml version="1.0" encoding="UTF-8"?>
<!-- Generated by org.testng.reporters.JUnitReportReporter -->
<testsuite hostname="Pugazh" failures="0" tests="4" name="runner.RunMaps" time="8.765" errors="0" timestamp="2024-02-15T11:39:44 GMT" skipped="0">
  <testcase classname="runner.RunMaps" name="runScenario" time="1.952"/>
  <system-out/>
  <testcase classname="runner.RunMaps" name="runScenario" time="1.905"/>
  <system-out/>
  <testcase classname="runner.RunMaps" name="runScenario" time="3.589"/>
  <system-out/>
  <testcase classname="runner.RunMaps" name="runScenario" time="1.319"/>
  <system-out/>
</testsuite> <!-- runner.RunMaps -->
